<?xml version="1.0" encoding="UTF-8" ?>
<testsuite tests="100" failures="0" name="core.AllTests" time="0.02" errors="0" skipped="0">
  <properties>
    <property name="java.runtime.name" value="Java(TM) SE Runtime Environment"/>
    <property name="sun.boot.library.path" value="/Library/Java/JavaVirtualMachines/jdk1.8.0_60.jdk/Contents/Home/jre/lib"/>
    <property name="java.vm.version" value="25.60-b23"/>
    <property name="gopherProxySet" value="false"/>
    <property name="build.version" value="1.2"/>
    <property name="java.vm.vendor" value="Oracle Corporation"/>
    <property name="maven.multiModuleProjectDirectory" value="/Users/home/Documents/workspace/JUnitParam"/>
    <property name="java.vendor.url" value="http://java.oracle.com/"/>
    <property name="path.separator" value=":"/>
    <property name="guice.disable.misplaced.annotation.check" value="true"/>
    <property name="java.vm.name" value="Java HotSpot(TM) 64-Bit Server VM"/>
    <property name="file.encoding.pkg" value="sun.io"/>
    <property name="user.country" value="US"/>
    <property name="sun.java.launcher" value="SUN_STANDARD"/>
    <property name="sun.os.patch.level" value="unknown"/>
    <property name="test" value="AllTests"/>
    <property name="java.vm.specification.name" value="Java Virtual Machine Specification"/>
    <property name="user.dir" value="/Users/home/Documents/workspace/JUnitParam"/>
    <property name="java.runtime.version" value="1.8.0_60-b27"/>
    <property name="java.awt.graphicsenv" value="sun.awt.CGraphicsEnvironment"/>
    <property name="java.endorsed.dirs" value="/Library/Java/JavaVirtualMachines/jdk1.8.0_60.jdk/Contents/Home/jre/lib/endorsed"/>
    <property name="os.arch" value="x86_64"/>
    <property name="java.io.tmpdir" value="/var/folders/54/vpr28yj53xq7zw9t0s2fpqk00000gn/T/"/>
    <property name="line.separator" value="
"/>
    <property name="java.vm.specification.vendor" value="Oracle Corporation"/>
    <property name="os.name" value="Mac OS X"/>
    <property name="classworlds.conf" value="/usr/local/Cellar/maven/3.3.3/libexec/bin/m2.conf"/>
    <property name="sun.jnu.encoding" value="UTF-8"/>
    <property name="java.library.path" value="/Users/home/Library/Java/Extensions:/Library/Java/Extensions:/Network/Library/Java/Extensions:/System/Library/Java/Extensions:/usr/lib/java:."/>
    <property name="java.specification.name" value="Java Platform API Specification"/>
    <property name="java.class.version" value="52.0"/>
    <property name="sun.management.compiler" value="HotSpot 64-Bit Tiered Compilers"/>
    <property name="os.version" value="10.10.5"/>
    <property name="http.nonProxyHosts" value="local|*.local|169.254/16|*.169.254/16"/>
    <property name="user.home" value="/Users/home"/>
    <property name="user.timezone" value="America/Los_Angeles"/>
    <property name="java.awt.printerjob" value="sun.lwawt.macosx.CPrinterJob"/>
    <property name="java.specification.version" value="1.8"/>
    <property name="file.encoding" value="UTF-8"/>
    <property name="user.name" value="home"/>
    <property name="java.class.path" value="/usr/local/Cellar/maven/3.3.3/libexec/boot/plexus-classworlds-2.5.2.jar"/>
    <property name="java.vm.specification.version" value="1.8"/>
    <property name="sun.arch.data.model" value="64"/>
    <property name="java.home" value="/Library/Java/JavaVirtualMachines/jdk1.8.0_60.jdk/Contents/Home/jre"/>
    <property name="sun.java.command" value="org.codehaus.plexus.classworlds.launcher.Launcher clean site -Dtest=AllTests -Dbuild.version=1.2"/>
    <property name="java.specification.vendor" value="Oracle Corporation"/>
    <property name="user.language" value="en"/>
    <property name="awt.toolkit" value="sun.lwawt.macosx.LWCToolkit"/>
    <property name="java.vm.info" value="mixed mode"/>
    <property name="java.version" value="1.8.0_60"/>
    <property name="java.ext.dirs" value="/Users/home/Library/Java/Extensions:/Library/Java/JavaVirtualMachines/jdk1.8.0_60.jdk/Contents/Home/jre/lib/ext:/Library/Java/Extensions:/Network/Library/Java/Extensions:/System/Library/Java/Extensions:/usr/lib/java"/>
    <property name="sun.boot.class.path" value="/Library/Java/JavaVirtualMachines/jdk1.8.0_60.jdk/Contents/Home/jre/lib/resources.jar:/Library/Java/JavaVirtualMachines/jdk1.8.0_60.jdk/Contents/Home/jre/lib/rt.jar:/Library/Java/JavaVirtualMachines/jdk1.8.0_60.jdk/Contents/Home/jre/lib/sunrsasign.jar:/Library/Java/JavaVirtualMachines/jdk1.8.0_60.jdk/Contents/Home/jre/lib/jsse.jar:/Library/Java/JavaVirtualMachines/jdk1.8.0_60.jdk/Contents/Home/jre/lib/jce.jar:/Library/Java/JavaVirtualMachines/jdk1.8.0_60.jdk/Contents/Home/jre/lib/charsets.jar:/Library/Java/JavaVirtualMachines/jdk1.8.0_60.jdk/Contents/Home/jre/lib/jfr.jar:/Library/Java/JavaVirtualMachines/jdk1.8.0_60.jdk/Contents/Home/jre/classes"/>
    <property name="java.vendor" value="Oracle Corporation"/>
    <property name="maven.home" value="/usr/local/Cellar/maven/3.3.3/libexec"/>
    <property name="file.separator" value="/"/>
    <property name="java.vendor.url.bug" value="http://bugreport.sun.com/bugreport/"/>
    <property name="sun.cpu.endian" value="little"/>
    <property name="sun.io.unicode.encoding" value="UnicodeBig"/>
    <property name="socksNonProxyHosts" value="local|*.local|169.254/16|*.169.254/16"/>
    <property name="ftp.nonProxyHosts" value="local|*.local|169.254/16|*.169.254/16"/>
    <property name="sun.cpu.isalist" value=""/>
  </properties>
  <testcase classname="core.PrimeNumbersTest" name="testPrimeNumbers[Step #0: Number: 1; isPrime? true]" time="0.005"/>
  <testcase classname="core.PrimeNumbersTest" name="testPrimeNumbers[Step #1: Number: 2; isPrime? true]" time="0"/>
  <testcase classname="core.PrimeNumbersTest" name="testPrimeNumbers[Step #2: Number: 3; isPrime? true]" time="0"/>
  <testcase classname="core.PrimeNumbersTest" name="testPrimeNumbers[Step #3: Number: 4; isPrime? true]" time="0"/>
  <testcase classname="core.PrimeNumbersTest" name="testPrimeNumbers[Step #4: Number: 5; isPrime? true]" time="0"/>
  <testcase classname="core.PrimeNumbersTest" name="testPrimeNumbers[Step #5: Number: 6; isPrime? false]" time="0"/>
  <testcase classname="core.PrimeNumbersTest" name="testPrimeNumbers[Step #6: Number: 7; isPrime? true]" time="0"/>
  <testcase classname="core.PrimeNumbersTest" name="testPrimeNumbers[Step #7: Number: 8; isPrime? false]" time="0"/>
  <testcase classname="core.PrimeNumbersTest" name="testPrimeNumbers[Step #8: Number: 9; isPrime? false]" time="0"/>
  <testcase classname="core.PrimeNumbersTest" name="testPrimeNumbers[Step #9: Number: 10; isPrime? false]" time="0"/>
  <testcase classname="core.PrimeNumbersTest" name="testPrimeNumbers[Step #10: Number: 11; isPrime? true]" time="0"/>
  <testcase classname="core.PrimeNumbersTest" name="testPrimeNumbers[Step #11: Number: 12; isPrime? false]" time="0"/>
  <testcase classname="core.PrimeNumbersTest" name="testPrimeNumbers[Step #12: Number: 13; isPrime? true]" time="0.001"/>
  <testcase classname="core.PrimeNumbersTest" name="testPrimeNumbers[Step #13: Number: 14; isPrime? false]" time="0"/>
  <testcase classname="core.PrimeNumbersTest" name="testPrimeNumbers[Step #14: Number: 15; isPrime? false]" time="0"/>
  <testcase classname="core.PrimeNumbersTest" name="testPrimeNumbers[Step #15: Number: 16; isPrime? false]" time="0.001"/>
  <testcase classname="core.PrimeNumbersTest" name="testPrimeNumbers[Step #16: Number: 17; isPrime? true]" time="0.001"/>
  <testcase classname="core.PrimeNumbersTest" name="testPrimeNumbers[Step #17: Number: 18; isPrime? false]" time="0"/>
  <testcase classname="core.PrimeNumbersTest" name="testPrimeNumbers[Step #18: Number: 19; isPrime? true]" time="0.001"/>
  <testcase classname="core.PrimeNumbersTest" name="testPrimeNumbers[Step #19: Number: 20; isPrime? false]" time="0"/>
  <testcase classname="core.PrimeNumbersTest" name="testPrimeNumbers[Step #20: Number: 21; isPrime? false]" time="0"/>
  <testcase classname="core.PrimeNumbersTest" name="testPrimeNumbers[Step #21: Number: 22; isPrime? false]" time="0"/>
  <testcase classname="core.PrimeNumbersTest" name="testPrimeNumbers[Step #22: Number: 23; isPrime? true]" time="0"/>
  <testcase classname="core.PrimeNumbersTest" name="testPrimeNumbers[Step #23: Number: 24; isPrime? false]" time="0.001"/>
  <testcase classname="core.PrimeNumbersTest" name="testPrimeNumbers[Step #24: Number: 25; isPrime? false]" time="0"/>
  <testcase classname="core.PrimeNumbersTest" name="testPrimeNumbers[Step #25: Number: 26; isPrime? false]" time="0"/>
  <testcase classname="core.PrimeNumbersTest" name="testPrimeNumbers[Step #26: Number: 27; isPrime? false]" time="0"/>
  <testcase classname="core.PrimeNumbersTest" name="testPrimeNumbers[Step #27: Number: 28; isPrime? false]" time="0"/>
  <testcase classname="core.PrimeNumbersTest" name="testPrimeNumbers[Step #28: Number: 29; isPrime? true]" time="0"/>
  <testcase classname="core.PrimeNumbersTest" name="testPrimeNumbers[Step #29: Number: 30; isPrime? false]" time="0"/>
  <testcase classname="core.PrimeNumbersTest" name="testPrimeNumbers[Step #30: Number: 31; isPrime? true]" time="0.001"/>
  <testcase classname="core.PrimeNumbersTest" name="testPrimeNumbers[Step #31: Number: 32; isPrime? false]" time="0.006"/>
  <testcase classname="core.PrimeNumbersTest" name="testPrimeNumbers[Step #32: Number: 33; isPrime? false]" time="0"/>
  <testcase classname="core.PrimeNumbersTest" name="testPrimeNumbers[Step #33: Number: 34; isPrime? false]" time="0"/>
  <testcase classname="core.PrimeNumbersTest" name="testPrimeNumbers[Step #34: Number: 35; isPrime? false]" time="0"/>
  <testcase classname="core.PrimeNumbersTest" name="testPrimeNumbers[Step #35: Number: 36; isPrime? false]" time="0"/>
  <testcase classname="core.PrimeNumbersTest" name="testPrimeNumbers[Step #36: Number: 37; isPrime? true]" time="0"/>
  <testcase classname="core.PrimeNumbersTest" name="testPrimeNumbers[Step #37: Number: 38; isPrime? false]" time="0"/>
  <testcase classname="core.PrimeNumbersTest" name="testPrimeNumbers[Step #38: Number: 39; isPrime? false]" time="0"/>
  <testcase classname="core.PrimeNumbersTest" name="testPrimeNumbers[Step #39: Number: 40; isPrime? false]" time="0"/>
  <testcase classname="core.PrimeNumbersTest" name="testPrimeNumbers[Step #40: Number: 41; isPrime? true]" time="0"/>
  <testcase classname="core.PrimeNumbersTest" name="testPrimeNumbers[Step #41: Number: 42; isPrime? false]" time="0"/>
  <testcase classname="core.PrimeNumbersTest" name="testPrimeNumbers[Step #42: Number: 43; isPrime? true]" time="0"/>
  <testcase classname="core.PrimeNumbersTest" name="testPrimeNumbers[Step #43: Number: 44; isPrime? false]" time="0"/>
  <testcase classname="core.PrimeNumbersTest" name="testPrimeNumbers[Step #44: Number: 45; isPrime? false]" time="0"/>
  <testcase classname="core.PrimeNumbersTest" name="testPrimeNumbers[Step #45: Number: 46; isPrime? false]" time="0"/>
  <testcase classname="core.PrimeNumbersTest" name="testPrimeNumbers[Step #46: Number: 47; isPrime? true]" time="0"/>
  <testcase classname="core.PrimeNumbersTest" name="testPrimeNumbers[Step #47: Number: 48; isPrime? false]" time="0"/>
  <testcase classname="core.PrimeNumbersTest" name="testPrimeNumbers[Step #48: Number: 49; isPrime? false]" time="0"/>
  <testcase classname="core.PrimeNumbersTest" name="testPrimeNumbers[Step #49: Number: 50; isPrime? false]" time="0"/>
  <testcase classname="core.PrimeNumbersTest" name="testPrimeNumbers[Step #50: Number: 51; isPrime? false]" time="0"/>
  <testcase classname="core.PrimeNumbersTest" name="testPrimeNumbers[Step #51: Number: 52; isPrime? false]" time="0"/>
  <testcase classname="core.PrimeNumbersTest" name="testPrimeNumbers[Step #52: Number: 53; isPrime? true]" time="0"/>
  <testcase classname="core.PrimeNumbersTest" name="testPrimeNumbers[Step #53: Number: 54; isPrime? false]" time="0"/>
  <testcase classname="core.PrimeNumbersTest" name="testPrimeNumbers[Step #54: Number: 55; isPrime? false]" time="0"/>
  <testcase classname="core.PrimeNumbersTest" name="testPrimeNumbers[Step #55: Number: 56; isPrime? false]" time="0"/>
  <testcase classname="core.PrimeNumbersTest" name="testPrimeNumbers[Step #56: Number: 57; isPrime? false]" time="0"/>
  <testcase classname="core.PrimeNumbersTest" name="testPrimeNumbers[Step #57: Number: 58; isPrime? false]" time="0"/>
  <testcase classname="core.PrimeNumbersTest" name="testPrimeNumbers[Step #58: Number: 59; isPrime? true]" time="0"/>
  <testcase classname="core.PrimeNumbersTest" name="testPrimeNumbers[Step #59: Number: 60; isPrime? false]" time="0"/>
  <testcase classname="core.PrimeNumbersTest" name="testPrimeNumbers[Step #60: Number: 61; isPrime? true]" time="0"/>
  <testcase classname="core.PrimeNumbersTest" name="testPrimeNumbers[Step #61: Number: 62; isPrime? false]" time="0"/>
  <testcase classname="core.PrimeNumbersTest" name="testPrimeNumbers[Step #62: Number: 63; isPrime? false]" time="0"/>
  <testcase classname="core.PrimeNumbersTest" name="testPrimeNumbers[Step #63: Number: 64; isPrime? false]" time="0"/>
  <testcase classname="core.PrimeNumbersTest" name="testPrimeNumbers[Step #64: Number: 65; isPrime? false]" time="0"/>
  <testcase classname="core.PrimeNumbersTest" name="testPrimeNumbers[Step #65: Number: 66; isPrime? false]" time="0"/>
  <testcase classname="core.PrimeNumbersTest" name="testPrimeNumbers[Step #66: Number: 67; isPrime? true]" time="0"/>
  <testcase classname="core.PrimeNumbersTest" name="testPrimeNumbers[Step #67: Number: 68; isPrime? false]" time="0"/>
  <testcase classname="core.PrimeNumbersTest" name="testPrimeNumbers[Step #68: Number: 69; isPrime? false]" time="0"/>
  <testcase classname="core.PrimeNumbersTest" name="testPrimeNumbers[Step #69: Number: 70; isPrime? false]" time="0"/>
  <testcase classname="core.PrimeNumbersTest" name="testPrimeNumbers[Step #70: Number: 71; isPrime? true]" time="0"/>
  <testcase classname="core.PrimeNumbersTest" name="testPrimeNumbers[Step #71: Number: 72; isPrime? false]" time="0"/>
  <testcase classname="core.PrimeNumbersTest" name="testPrimeNumbers[Step #72: Number: 73; isPrime? true]" time="0"/>
  <testcase classname="core.PrimeNumbersTest" name="testPrimeNumbers[Step #73: Number: 74; isPrime? false]" time="0"/>
  <testcase classname="core.PrimeNumbersTest" name="testPrimeNumbers[Step #74: Number: 75; isPrime? false]" time="0"/>
  <testcase classname="core.PrimeNumbersTest" name="testPrimeNumbers[Step #75: Number: 76; isPrime? false]" time="0"/>
  <testcase classname="core.PrimeNumbersTest" name="testPrimeNumbers[Step #76: Number: 77; isPrime? false]" time="0"/>
  <testcase classname="core.PrimeNumbersTest" name="testPrimeNumbers[Step #77: Number: 78; isPrime? false]" time="0.001"/>
  <testcase classname="core.PrimeNumbersTest" name="testPrimeNumbers[Step #78: Number: 79; isPrime? true]" time="0"/>
  <testcase classname="core.PrimeNumbersTest" name="testPrimeNumbers[Step #79: Number: 80; isPrime? false]" time="0"/>
  <testcase classname="core.PrimeNumbersTest" name="testPrimeNumbers[Step #80: Number: 81; isPrime? false]" time="0"/>
  <testcase classname="core.PrimeNumbersTest" name="testPrimeNumbers[Step #81: Number: 82; isPrime? false]" time="0"/>
  <testcase classname="core.PrimeNumbersTest" name="testPrimeNumbers[Step #82: Number: 83; isPrime? true]" time="0"/>
  <testcase classname="core.PrimeNumbersTest" name="testPrimeNumbers[Step #83: Number: 84; isPrime? false]" time="0.001"/>
  <testcase classname="core.PrimeNumbersTest" name="testPrimeNumbers[Step #84: Number: 85; isPrime? false]" time="0"/>
  <testcase classname="core.PrimeNumbersTest" name="testPrimeNumbers[Step #85: Number: 86; isPrime? false]" time="0"/>
  <testcase classname="core.PrimeNumbersTest" name="testPrimeNumbers[Step #86: Number: 87; isPrime? false]" time="0"/>
  <testcase classname="core.PrimeNumbersTest" name="testPrimeNumbers[Step #87: Number: 88; isPrime? false]" time="0"/>
  <testcase classname="core.PrimeNumbersTest" name="testPrimeNumbers[Step #88: Number: 89; isPrime? true]" time="0"/>
  <testcase classname="core.PrimeNumbersTest" name="testPrimeNumbers[Step #89: Number: 90; isPrime? false]" time="0"/>
  <testcase classname="core.PrimeNumbersTest" name="testPrimeNumbers[Step #90: Number: 91; isPrime? false]" time="0"/>
  <testcase classname="core.PrimeNumbersTest" name="testPrimeNumbers[Step #91: Number: 92; isPrime? false]" time="0"/>
  <testcase classname="core.PrimeNumbersTest" name="testPrimeNumbers[Step #92: Number: 93; isPrime? false]" time="0"/>
  <testcase classname="core.PrimeNumbersTest" name="testPrimeNumbers[Step #93: Number: 94; isPrime? false]" time="0"/>
  <testcase classname="core.PrimeNumbersTest" name="testPrimeNumbers[Step #94: Number: 95; isPrime? false]" time="0"/>
  <testcase classname="core.PrimeNumbersTest" name="testPrimeNumbers[Step #95: Number: 96; isPrime? false]" time="0"/>
  <testcase classname="core.PrimeNumbersTest" name="testPrimeNumbers[Step #96: Number: 97; isPrime? true]" time="0.001"/>
  <testcase classname="core.PrimeNumbersTest" name="testPrimeNumbers[Step #97: Number: 98; isPrime? false]" time="0"/>
  <testcase classname="core.PrimeNumbersTest" name="testPrimeNumbers[Step #98: Number: 99; isPrime? false]" time="0"/>
  <testcase classname="core.PrimeNumbersTest" name="testPrimeNumbers[Step #99: Number: 100; isPrime? false]" time="0"/>
</testsuite>